0 info it worked if it ends with ok
1 verbose cli [ '/home/tengree/.nvm/versions/node/v6.14.1/bin/node',
1 verbose cli   '/home/tengree/.nvm/versions/node/v6.14.1/bin/npm',
1 verbose cli   'run',
1 verbose cli   'test' ]
2 info using npm@3.10.10
3 info using node@v6.14.1
4 verbose run-script [ 'pretest', 'test', 'posttest' ]
5 info lifecycle @api3-dao/dao@1.0.0~pretest: @api3-dao/dao@1.0.0
6 silly lifecycle @api3-dao/dao@1.0.0~pretest: no script for pretest, continuing
7 info lifecycle @api3-dao/dao@1.0.0~test: @api3-dao/dao@1.0.0
8 verbose lifecycle @api3-dao/dao@1.0.0~test: unsafe-perm in lifecycle true
9 verbose lifecycle @api3-dao/dao@1.0.0~test: PATH: /home/tengree/.nvm/versions/node/v6.14.1/lib/node_modules/npm/bin/node-gyp-bin:/home/tengree/Projects/api3/api3-dao/packages/dao/node_modules/.bin:/home/tengree/.nvm/versions/node/v6.14.1/bin:/home/tengree/.local/bin:/usr/local/sbin:/usr/local/bin:/usr/bin:/usr/bin/site_perl:/usr/bin/vendor_perl:/usr/bin/core_perl:/var/lib/snapd/snap/bin
10 verbose lifecycle @api3-dao/dao@1.0.0~test: CWD: /home/tengree/Projects/api3/api3-dao/packages/dao
11 silly lifecycle @api3-dao/dao@1.0.0~test: Args: [ '-c', 'npm run test:ganache' ]
12 silly lifecycle @api3-dao/dao@1.0.0~test: Returned: code: 1  signal: null
13 info lifecycle @api3-dao/dao@1.0.0~test: Failed to exec test script
14 verbose stack Error: @api3-dao/dao@1.0.0 test: `npm run test:ganache`
14 verbose stack Exit status 1
14 verbose stack     at EventEmitter.<anonymous> (/home/tengree/.nvm/versions/node/v6.14.1/lib/node_modules/npm/lib/utils/lifecycle.js:255:16)
14 verbose stack     at emitTwo (events.js:106:13)
14 verbose stack     at EventEmitter.emit (events.js:191:7)
14 verbose stack     at ChildProcess.<anonymous> (/home/tengree/.nvm/versions/node/v6.14.1/lib/node_modules/npm/lib/utils/spawn.js:40:14)
14 verbose stack     at emitTwo (events.js:106:13)
14 verbose stack     at ChildProcess.emit (events.js:191:7)
14 verbose stack     at maybeClose (internal/child_process.js:920:16)
14 verbose stack     at Process.ChildProcess._handle.onexit (internal/child_process.js:230:5)
15 verbose pkgid @api3-dao/dao@1.0.0
16 verbose cwd /home/tengree/Projects/api3/api3-dao/packages/dao
17 error Linux 5.9.16-1-MANJARO
18 error argv "/home/tengree/.nvm/versions/node/v6.14.1/bin/node" "/home/tengree/.nvm/versions/node/v6.14.1/bin/npm" "run" "test"
19 error node v6.14.1
20 error npm  v3.10.10
21 error code ELIFECYCLE
22 error @api3-dao/dao@1.0.0 test: `npm run test:ganache`
22 error Exit status 1
23 error Failed at the @api3-dao/dao@1.0.0 test script 'npm run test:ganache'.
23 error Make sure you have the latest version of node.js and npm installed.
23 error If you do, this is most likely a problem with the @api3-dao/dao package,
23 error not with npm itself.
23 error Tell the author that this fails on your system:
23 error     npm run test:ganache
23 error You can get information on how to open an issue for this project with:
23 error     npm bugs @api3-dao/dao
23 error Or if that isn't available, you can get their info via:
23 error     npm owner ls @api3-dao/dao
23 error There is likely additional logging output above.
24 verbose exit [ 1, true ]
